{"/Users/beatadanilevskaya/Documents/LaFosseAcademy/project/EduFun/backend/server/1. Model/login.js": {"path":"/Users/beatadanilevskaya/Documents/LaFosseAcademy/project/EduFun/backend/server/1. Model/login.js","statementMap":{"0":{"start":{"line":1,"column":11},"end":{"line":1,"column":35}},"1":{"start":{"line":5,"column":8},"end":{"line":5,"column":20}},"2":{"start":{"line":6,"column":8},"end":{"line":6,"column":24}},"3":{"start":{"line":7,"column":8},"end":{"line":7,"column":32}},"4":{"start":{"line":8,"column":8},"end":{"line":8,"column":24}},"5":{"start":{"line":9,"column":8},"end":{"line":9,"column":32}},"6":{"start":{"line":13,"column":25},"end":{"line":13,"column":85}},"7":{"start":{"line":14,"column":8},"end":{"line":16,"column":9}},"8":{"start":{"line":15,"column":12},"end":{"line":15,"column":53}},"9":{"start":{"line":17,"column":8},"end":{"line":17,"column":42}},"10":{"start":{"line":21,"column":25},"end":{"line":21,"column":97}},"11":{"start":{"line":22,"column":8},"end":{"line":24,"column":9}},"12":{"start":{"line":23,"column":12},"end":{"line":23,"column":53}},"13":{"start":{"line":25,"column":8},"end":{"line":25,"column":42}},"14":{"start":{"line":29,"column":51},"end":{"line":29,"column":55}},"15":{"start":{"line":31,"column":8},"end":{"line":33,"column":9}},"16":{"start":{"line":32,"column":12},"end":{"line":32,"column":55}},"17":{"start":{"line":35,"column":25},"end":{"line":35,"column":166}},"18":{"start":{"line":36,"column":22},"end":{"line":36,"column":41}},"19":{"start":{"line":37,"column":24},"end":{"line":37,"column":53}},"20":{"start":{"line":39,"column":8},"end":{"line":39,"column":34}},"21":{"start":{"line":43,"column":0},"end":{"line":43,"column":22}}},"fnMap":{"0":{"name":"(anonymous_0)","decl":{"start":{"line":4,"column":4},"end":{"line":4,"column":5}},"loc":{"start":{"line":4,"column":56},"end":{"line":10,"column":5}},"line":4},"1":{"name":"(anonymous_1)","decl":{"start":{"line":12,"column":4},"end":{"line":12,"column":5}},"loc":{"start":{"line":12,"column":32},"end":{"line":18,"column":5}},"line":12},"2":{"name":"(anonymous_2)","decl":{"start":{"line":20,"column":4},"end":{"line":20,"column":5}},"loc":{"start":{"line":20,"column":44},"end":{"line":26,"column":5}},"line":20},"3":{"name":"(anonymous_3)","decl":{"start":{"line":28,"column":4},"end":{"line":28,"column":5}},"loc":{"start":{"line":28,"column":30},"end":{"line":40,"column":5}},"line":28}},"branchMap":{"0":{"loc":{"start":{"line":14,"column":8},"end":{"line":16,"column":9}},"type":"if","locations":[{"start":{"line":14,"column":8},"end":{"line":16,"column":9}},{"start":{},"end":{}}],"line":14},"1":{"loc":{"start":{"line":22,"column":8},"end":{"line":24,"column":9}},"type":"if","locations":[{"start":{"line":22,"column":8},"end":{"line":24,"column":9}},{"start":{},"end":{}}],"line":22},"2":{"loc":{"start":{"line":31,"column":8},"end":{"line":33,"column":9}},"type":"if","locations":[{"start":{"line":31,"column":8},"end":{"line":33,"column":9}},{"start":{},"end":{}}],"line":31},"3":{"loc":{"start":{"line":31,"column":12},"end":{"line":31,"column":52}},"type":"binary-expr","locations":[{"start":{"line":31,"column":12},"end":{"line":31,"column":21}},{"start":{"line":31,"column":25},"end":{"line":31,"column":34}},{"start":{"line":31,"column":38},"end":{"line":31,"column":43}},{"start":{"line":31,"column":47},"end":{"line":31,"column":52}}],"line":31}},"s":{"0":2,"1":4,"2":4,"3":4,"4":4,"5":4,"6":3,"7":3,"8":1,"9":2,"10":2,"11":2,"12":1,"13":1,"14":2,"15":2,"16":1,"17":1,"18":1,"19":1,"20":1,"21":2},"f":{"0":4,"1":3,"2":2,"3":2},"b":{"0":[1,2],"1":[1,1],"2":[1,1],"3":[2,2,2,2]},"_coverageSchema":"1a1c01bbd47fc00a2c39e90264f33305004495a9","hash":"a722884ca64ddbf732d40addb80d9608ede2455f"}
,"/Users/beatadanilevskaya/Documents/LaFosseAcademy/project/EduFun/backend/server/1. Model/results.js": {"path":"/Users/beatadanilevskaya/Documents/LaFosseAcademy/project/EduFun/backend/server/1. Model/results.js","statementMap":{"0":{"start":{"line":1,"column":11},"end":{"line":1,"column":35}},"1":{"start":{"line":5,"column":8},"end":{"line":5,"column":20}},"2":{"start":{"line":6,"column":8},"end":{"line":6,"column":36}},"3":{"start":{"line":7,"column":8},"end":{"line":7,"column":26}},"4":{"start":{"line":8,"column":8},"end":{"line":8,"column":40}},"5":{"start":{"line":12,"column":25},"end":{"line":12,"column":217}},"6":{"start":{"line":13,"column":8},"end":{"line":15,"column":9}},"7":{"start":{"line":14,"column":12},"end":{"line":14,"column":73}},"8":{"start":{"line":16,"column":8},"end":{"line":16,"column":63}},"9":{"start":{"line":16,"column":43},"end":{"line":16,"column":62}},"10":{"start":{"line":20,"column":25},"end":{"line":20,"column":168}},"11":{"start":{"line":21,"column":8},"end":{"line":23,"column":9}},"12":{"start":{"line":22,"column":12},"end":{"line":22,"column":73}},"13":{"start":{"line":24,"column":8},"end":{"line":24,"column":31}},"14":{"start":{"line":28,"column":25},"end":{"line":40,"column":9}},"15":{"start":{"line":41,"column":8},"end":{"line":43,"column":9}},"16":{"start":{"line":42,"column":12},"end":{"line":42,"column":85}},"17":{"start":{"line":44,"column":8},"end":{"line":44,"column":31}},"18":{"start":{"line":48,"column":0},"end":{"line":48,"column":24}}},"fnMap":{"0":{"name":"(anonymous_0)","decl":{"start":{"line":4,"column":4},"end":{"line":4,"column":5}},"loc":{"start":{"line":4,"column":57},"end":{"line":9,"column":5}},"line":4},"1":{"name":"(anonymous_1)","decl":{"start":{"line":11,"column":4},"end":{"line":11,"column":5}},"loc":{"start":{"line":11,"column":46},"end":{"line":17,"column":5}},"line":11},"2":{"name":"(anonymous_2)","decl":{"start":{"line":16,"column":33},"end":{"line":16,"column":34}},"loc":{"start":{"line":16,"column":43},"end":{"line":16,"column":62}},"line":16},"3":{"name":"(anonymous_3)","decl":{"start":{"line":19,"column":4},"end":{"line":19,"column":5}},"loc":{"start":{"line":19,"column":55},"end":{"line":25,"column":5}},"line":19},"4":{"name":"(anonymous_4)","decl":{"start":{"line":27,"column":4},"end":{"line":27,"column":5}},"loc":{"start":{"line":27,"column":77},"end":{"line":45,"column":5}},"line":27}},"branchMap":{"0":{"loc":{"start":{"line":13,"column":8},"end":{"line":15,"column":9}},"type":"if","locations":[{"start":{"line":13,"column":8},"end":{"line":15,"column":9}},{"start":{},"end":{}}],"line":13},"1":{"loc":{"start":{"line":21,"column":8},"end":{"line":23,"column":9}},"type":"if","locations":[{"start":{"line":21,"column":8},"end":{"line":23,"column":9}},{"start":{},"end":{}}],"line":21},"2":{"loc":{"start":{"line":41,"column":8},"end":{"line":43,"column":9}},"type":"if","locations":[{"start":{"line":41,"column":8},"end":{"line":43,"column":9}},{"start":{},"end":{}}],"line":41}},"s":{"0":1,"1":1,"2":1,"3":1,"4":1,"5":2,"6":2,"7":1,"8":1,"9":1,"10":2,"11":2,"12":1,"13":1,"14":0,"15":0,"16":0,"17":0,"18":1},"f":{"0":1,"1":2,"2":1,"3":2,"4":0},"b":{"0":[1,1],"1":[1,1],"2":[0,0]},"_coverageSchema":"1a1c01bbd47fc00a2c39e90264f33305004495a9","hash":"c03efc1704bb8442a610e787c8477cbb3491719f"}
,"/Users/beatadanilevskaya/Documents/LaFosseAcademy/project/EduFun/backend/server/2. Controller/Login.js": {"path":"/Users/beatadanilevskaya/Documents/LaFosseAcademy/project/EduFun/backend/server/2. Controller/Login.js","statementMap":{"0":{"start":{"line":1,"column":15},"end":{"line":1,"column":32}},"1":{"start":{"line":2,"column":12},"end":{"line":2,"column":35}},"2":{"start":{"line":4,"column":14},"end":{"line":4,"column":42}},"3":{"start":{"line":7,"column":2},"end":{"line":13,"column":3}},"4":{"start":{"line":8,"column":17},"end":{"line":8,"column":32}},"5":{"start":{"line":9,"column":17},"end":{"line":9,"column":51}},"6":{"start":{"line":10,"column":4},"end":{"line":10,"column":41}},"7":{"start":{"line":12,"column":4},"end":{"line":12,"column":49}},"8":{"start":{"line":17,"column":2},"end":{"line":28,"column":3}},"9":{"start":{"line":18,"column":17},"end":{"line":18,"column":25}},"10":{"start":{"line":20,"column":17},"end":{"line":20,"column":79}},"11":{"start":{"line":21,"column":4},"end":{"line":21,"column":62}},"12":{"start":{"line":23,"column":19},"end":{"line":23,"column":43}},"13":{"start":{"line":25,"column":4},"end":{"line":25,"column":43}},"14":{"start":{"line":27,"column":4},"end":{"line":27,"column":49}},"15":{"start":{"line":32,"column":15},"end":{"line":32,"column":23}},"16":{"start":{"line":34,"column":2},"end":{"line":78,"column":3}},"17":{"start":{"line":35,"column":17},"end":{"line":35,"column":60}},"18":{"start":{"line":37,"column":4},"end":{"line":39,"column":5}},"19":{"start":{"line":38,"column":6},"end":{"line":38,"column":52}},"20":{"start":{"line":41,"column":18},"end":{"line":41,"column":68}},"21":{"start":{"line":43,"column":4},"end":{"line":75,"column":5}},"22":{"start":{"line":44,"column":22},"end":{"line":48,"column":7}},"23":{"start":{"line":50,"column":24},"end":{"line":65,"column":7}},"24":{"start":{"line":51,"column":8},"end":{"line":53,"column":9}},"25":{"start":{"line":52,"column":10},"end":{"line":52,"column":55}},"26":{"start":{"line":55,"column":8},"end":{"line":64,"column":11}},"27":{"start":{"line":67,"column":6},"end":{"line":72,"column":8}},"28":{"start":{"line":74,"column":6},"end":{"line":74,"column":57}},"29":{"start":{"line":77,"column":4},"end":{"line":77,"column":49}},"30":{"start":{"line":81,"column":0},"end":{"line":85,"column":2}}},"fnMap":{"0":{"name":"show","decl":{"start":{"line":6,"column":15},"end":{"line":6,"column":19}},"loc":{"start":{"line":6,"column":30},"end":{"line":14,"column":1}},"line":6},"1":{"name":"create","decl":{"start":{"line":16,"column":15},"end":{"line":16,"column":21}},"loc":{"start":{"line":16,"column":32},"end":{"line":29,"column":1}},"line":16},"2":{"name":"login","decl":{"start":{"line":31,"column":15},"end":{"line":31,"column":20}},"loc":{"start":{"line":31,"column":31},"end":{"line":79,"column":1}},"line":31},"3":{"name":"(anonymous_3)","decl":{"start":{"line":50,"column":24},"end":{"line":50,"column":25}},"loc":{"start":{"line":50,"column":40},"end":{"line":65,"column":7}},"line":50}},"branchMap":{"0":{"loc":{"start":{"line":37,"column":4},"end":{"line":39,"column":5}},"type":"if","locations":[{"start":{"line":37,"column":4},"end":{"line":39,"column":5}},{"start":{},"end":{}}],"line":37},"1":{"loc":{"start":{"line":43,"column":4},"end":{"line":75,"column":5}},"type":"if","locations":[{"start":{"line":43,"column":4},"end":{"line":75,"column":5}},{"start":{"line":73,"column":11},"end":{"line":75,"column":5}}],"line":43},"2":{"loc":{"start":{"line":51,"column":8},"end":{"line":53,"column":9}},"type":"if","locations":[{"start":{"line":51,"column":8},"end":{"line":53,"column":9}},{"start":{},"end":{}}],"line":51}},"s":{"0":1,"1":1,"2":1,"3":2,"4":2,"5":2,"6":1,"7":1,"8":2,"9":2,"10":2,"11":2,"12":2,"13":1,"14":1,"15":2,"16":2,"17":2,"18":1,"19":0,"20":1,"21":1,"22":1,"23":1,"24":1,"25":0,"26":1,"27":1,"28":0,"29":1,"30":1},"f":{"0":2,"1":2,"2":2,"3":1},"b":{"0":[0,1],"1":[1,0],"2":[0,1]},"_coverageSchema":"1a1c01bbd47fc00a2c39e90264f33305004495a9","hash":"daa32984e01bfca9d4d0b5ce588499bdeb5b7a6c"}
,"/Users/beatadanilevskaya/Documents/LaFosseAcademy/project/EduFun/backend/server/DB/connect.js": {"path":"/Users/beatadanilevskaya/Documents/LaFosseAcademy/project/EduFun/backend/server/DB/connect.js","statementMap":{"0":{"start":{"line":1,"column":17},"end":{"line":1,"column":30}},"1":{"start":{"line":3,"column":0},"end":{"line":3,"column":27}},"2":{"start":{"line":5,"column":11},"end":{"line":10,"column":2}},"3":{"start":{"line":12,"column":0},"end":{"line":12,"column":20}}},"fnMap":{},"branchMap":{"0":{"loc":{"start":{"line":7,"column":4},"end":{"line":9,"column":26}},"type":"cond-expr","locations":[{"start":{"line":8,"column":8},"end":{"line":8,"column":31}},{"start":{"line":9,"column":8},"end":{"line":9,"column":26}}],"line":7}},"s":{"0":3,"1":3,"2":3,"3":3},"f":{},"b":{"0":[3,0]},"_coverageSchema":"1a1c01bbd47fc00a2c39e90264f33305004495a9","hash":"072d6ad8b818626c0c93e529b3fa8cb1bc053f1b"}
}
