TN:
SF:server/1. Model/login.js
FN:4,(anonymous_0)
FN:12,(anonymous_1)
FN:20,(anonymous_2)
FN:28,(anonymous_3)
FNF:4
FNH:4
FNDA:4,(anonymous_0)
FNDA:3,(anonymous_1)
FNDA:2,(anonymous_2)
FNDA:2,(anonymous_3)
DA:1,2
DA:5,4
DA:6,4
DA:7,4
DA:8,4
DA:9,4
DA:13,3
DA:14,3
DA:15,1
DA:17,2
DA:21,2
DA:22,2
DA:23,1
DA:25,1
DA:29,2
DA:31,2
DA:32,1
DA:35,1
DA:36,1
DA:37,1
DA:39,1
DA:43,2
LF:22
LH:22
BRDA:14,0,0,1
BRDA:14,0,1,2
BRDA:22,1,0,1
BRDA:22,1,1,1
BRDA:31,2,0,1
BRDA:31,2,1,1
BRDA:31,3,0,2
BRDA:31,3,1,2
BRDA:31,3,2,2
BRDA:31,3,3,2
BRF:10
BRH:10
end_of_record
TN:
SF:server/1. Model/results.js
FN:4,(anonymous_0)
FN:11,(anonymous_1)
FN:16,(anonymous_2)
FN:19,(anonymous_3)
FN:27,(anonymous_4)
FNF:5
FNH:4
FNDA:1,(anonymous_0)
FNDA:2,(anonymous_1)
FNDA:1,(anonymous_2)
FNDA:2,(anonymous_3)
FNDA:0,(anonymous_4)
DA:1,1
DA:5,1
DA:6,1
DA:7,1
DA:8,1
DA:12,2
DA:13,2
DA:14,1
DA:16,1
DA:20,2
DA:21,2
DA:22,1
DA:24,1
DA:28,0
DA:41,0
DA:42,0
DA:44,0
DA:48,1
LF:18
LH:14
BRDA:13,0,0,1
BRDA:13,0,1,1
BRDA:21,1,0,1
BRDA:21,1,1,1
BRDA:41,2,0,0
BRDA:41,2,1,0
BRF:6
BRH:4
end_of_record
TN:
SF:server/2. Controller/Login.js
FN:6,show
FN:16,create
FN:31,login
FN:50,(anonymous_3)
FNF:4
FNH:4
FNDA:2,show
FNDA:2,create
FNDA:2,login
FNDA:1,(anonymous_3)
DA:1,1
DA:2,1
DA:4,1
DA:7,2
DA:8,2
DA:9,2
DA:10,1
DA:12,1
DA:17,2
DA:18,2
DA:20,2
DA:21,2
DA:23,2
DA:25,1
DA:27,1
DA:32,2
DA:34,2
DA:35,2
DA:37,1
DA:38,0
DA:41,1
DA:43,1
DA:44,1
DA:50,1
DA:51,1
DA:52,0
DA:55,1
DA:67,1
DA:74,0
DA:77,1
DA:81,1
LF:31
LH:28
BRDA:37,0,0,0
BRDA:37,0,1,1
BRDA:43,1,0,1
BRDA:43,1,1,0
BRDA:51,2,0,0
BRDA:51,2,1,1
BRF:6
BRH:3
end_of_record
TN:
SF:server/DB/connect.js
FNF:0
FNH:0
DA:1,3
DA:3,3
DA:5,3
DA:12,3
LF:4
LH:4
BRDA:7,0,0,3
BRDA:7,0,1,0
BRF:2
BRH:1
end_of_record
